<?xml version="1.0" encoding="UTF-8"?>
<!-- Generated by org.testng.reporters.JUnitXMLReporter -->
<testsuite hostname="LAPTOP-G2P2MI3J" ignored="0" name="充值接口" tests="6" failures="5" timestamp="14 八月 2020 12:51:47 GMT" time="2.158" errors="0">
  <testcase name="test" time="0.212" classname="com.lemon.cases.RechargeCase">
    <failure type="java.lang.AssertionError" message="expected [PASSED] but found [FAILED]">
      <![CDATA[java.lang.AssertionError: expected [PASSED] but found [FAILED]
	at com.lemon.cases.RechargeCase.test(RechargeCase.java:50)
... Removed 35 stack frames]]>
    </failure>
  </testcase> <!-- test -->
  <testcase name="test" time="0.144" classname="com.lemon.cases.RechargeCase">
    <failure type="java.lang.AssertionError" message="expected [PASSED] but found [FAILED]">
      <![CDATA[java.lang.AssertionError: expected [PASSED] but found [FAILED]
	at com.lemon.cases.RechargeCase.test(RechargeCase.java:50)
... Removed 35 stack frames]]>
    </failure>
  </testcase> <!-- test -->
  <testcase name="test" time="0.145" classname="com.lemon.cases.RechargeCase">
    <failure type="java.lang.AssertionError" message="expected [PASSED] but found [FAILED]">
      <![CDATA[java.lang.AssertionError: expected [PASSED] but found [FAILED]
	at com.lemon.cases.RechargeCase.test(RechargeCase.java:50)
... Removed 35 stack frames]]>
    </failure>
  </testcase> <!-- test -->
  <testcase name="test" time="0.133" classname="com.lemon.cases.RechargeCase">
    <failure type="java.lang.AssertionError" message="expected [PASSED] but found [FAILED]">
      <![CDATA[java.lang.AssertionError: expected [PASSED] but found [FAILED]
	at com.lemon.cases.RechargeCase.test(RechargeCase.java:50)
... Removed 35 stack frames]]>
    </failure>
  </testcase> <!-- test -->
  <testcase name="test" time="0.841" classname="com.lemon.cases.RechargeCase">
    <failure type="java.lang.AssertionError" message="expected [PASSED] but found [FAILED]">
      <![CDATA[java.lang.AssertionError: expected [PASSED] but found [FAILED]
	at com.lemon.cases.RechargeCase.test(RechargeCase.java:50)
... Removed 35 stack frames]]>
    </failure>
  </testcase> <!-- test -->
  <testcase name="test" time="0.614" classname="com.lemon.cases.RechargeCase"/>
</testsuite> <!-- 充值接口 -->
