<?xml version="1.0" encoding="UTF-8"?>
<testsuite xmlns:xsi="http://www.w3.org/2001/XMLSchema-instance" xsi:noNamespaceSchemaLocation="https://maven.apache.org/surefire/maven-surefire-plugin/xsd/surefire-test-report.xsd" name="TestSuite" time="12.45" tests="24" errors="0" skipped="0" failures="14">
  <properties>
[...]
</properties>
  <testcase name="test" classname="com.lemon.cases.RegisterCase" time="1.255">
    <failure message="expected [PASSED] but found [FAILED]" type="java.lang.AssertionError">java.lang.AssertionError: expected [PASSED] but found [FAILED]
	at com.lemon.cases.RegisterCase.test(RegisterCase.java:41)
</failure>
    <system-out><![CDATA[2020-08-14 20:51:40 INFO  BaseCase:161 - CaseInfo{id=1, name='register', method='post', url='http://api.lemonban.com/futureloan/member/register', params='{"mobile_phone":"19000000000","pwd":""}', contentType='json', expectedResult='{"$.code":0,"$.msg":"OK"}', sql='null'}
2020-08-14 20:51:42 INFO  HttpUtils:175 - 200
2020-08-14 20:51:42 INFO  HttpUtils:178 - [Server: nginx/1.4.2, Date: Fri, 14 Aug 2020 12:51:43 GMT, Content-Type: application/json;charset=UTF-8, Transfer-Encoding: chunked, Connection: keep-alive]
2020-08-14 20:51:42 INFO  HttpUtils:182 - {"code":1,"msg":"密码为空","data":null,"copyright":"Copyright 柠檬班 © 2017-2020 湖南省零檬信息技术有限公司 All Rights Reserved"}
2020-08-14 20:51:42 INFO  HttpUtils:183 - ======================================================
2020-08-14 20:51:42 INFO  BaseCase:114 - 接口响应断言结果：false
]]></system-out>
    <system-err><![CDATA[SLF4J: Failed to load class "org.slf4j.impl.StaticLoggerBinder".
SLF4J: Defaulting to no-operation (NOP) logger implementation
SLF4J: See http://www.slf4j.org/codes.html#StaticLoggerBinder for further details.
]]></system-err>
  </testcase>
  <testcase name="test" classname="com.lemon.cases.RegisterCase" time="0.149">
    <failure message="expected [PASSED] but found [FAILED]" type="java.lang.AssertionError">java.lang.AssertionError: expected [PASSED] but found [FAILED]
	at com.lemon.cases.RegisterCase.test(RegisterCase.java:41)
</failure>
    <system-out><![CDATA[2020-08-14 20:51:42 INFO  BaseCase:161 - CaseInfo{id=2, name='register', method='post', url='http://api.lemonban.com/futureloan/member/register', params='{"mobile_phone":"","pwd":"123456"}', contentType='json', expectedResult='{"$.code":0,"$.msg":"OK"}', sql='null'}
2020-08-14 20:51:42 INFO  HttpUtils:175 - 200
2020-08-14 20:51:42 INFO  HttpUtils:178 - [Server: nginx/1.4.2, Date: Fri, 14 Aug 2020 12:51:43 GMT, Content-Type: application/json;charset=UTF-8, Transfer-Encoding: chunked, Connection: keep-alive]
2020-08-14 20:51:42 INFO  HttpUtils:182 - {"code":1,"msg":"手机号为空","data":null,"copyright":"Copyright 柠檬班 © 2017-2020 湖南省零檬信息技术有限公司 All Rights Reserved"}
2020-08-14 20:51:42 INFO  HttpUtils:183 - ======================================================
2020-08-14 20:51:42 INFO  BaseCase:114 - 接口响应断言结果：false
]]></system-out>
  </testcase>
  <testcase name="test" classname="com.lemon.cases.RegisterCase" time="0.149">
    <failure message="expected [PASSED] but found [FAILED]" type="java.lang.AssertionError">java.lang.AssertionError: expected [PASSED] but found [FAILED]
	at com.lemon.cases.RegisterCase.test(RegisterCase.java:41)
</failure>
    <system-out><![CDATA[2020-08-14 20:51:42 INFO  BaseCase:161 - CaseInfo{id=3, name='register', method='post', url='http://api.lemonban.com/futureloan/member/register', params='{"mobile_phone":"123","pwd":"123456123"}', contentType='json', expectedResult='{"$.code":0,"$.msg":"OK"}', sql='null'}
2020-08-14 20:51:42 INFO  HttpUtils:175 - 200
2020-08-14 20:51:42 INFO  HttpUtils:178 - [Server: nginx/1.4.2, Date: Fri, 14 Aug 2020 12:51:43 GMT, Content-Type: application/json;charset=UTF-8, Transfer-Encoding: chunked, Connection: keep-alive]
2020-08-14 20:51:42 INFO  HttpUtils:182 - {"code":2,"msg":"无效的手机格式","data":null,"copyright":"Copyright 柠檬班 © 2017-2020 湖南省零檬信息技术有限公司 All Rights Reserved"}
2020-08-14 20:51:42 INFO  HttpUtils:183 - ======================================================
2020-08-14 20:51:42 INFO  BaseCase:114 - 接口响应断言结果：false
]]></system-out>
  </testcase>
  <testcase name="test" classname="com.lemon.cases.RegisterCase" time="0.142">
    <failure message="expected [PASSED] but found [FAILED]" type="java.lang.AssertionError">java.lang.AssertionError: expected [PASSED] but found [FAILED]
	at com.lemon.cases.RegisterCase.test(RegisterCase.java:41)
</failure>
    <system-out><![CDATA[2020-08-14 20:51:42 INFO  BaseCase:161 - CaseInfo{id=4, name='register', method='post', url='http://api.lemonban.com/futureloan/member/register', params='{"mobile_phone":"19000000000","pwd":"12345"}', contentType='json', expectedResult='{"$.code":0,"$.msg":"OK"}', sql='null'}
2020-08-14 20:51:42 INFO  HttpUtils:175 - 200
2020-08-14 20:51:42 INFO  HttpUtils:178 - [Server: nginx/1.4.2, Date: Fri, 14 Aug 2020 12:51:43 GMT, Content-Type: application/json;charset=UTF-8, Transfer-Encoding: chunked, Connection: keep-alive]
2020-08-14 20:51:42 INFO  HttpUtils:182 - {"code":2,"msg":"密码格式为8到16位","data":null,"copyright":"Copyright 柠檬班 © 2017-2020 湖南省零檬信息技术有限公司 All Rights Reserved"}
2020-08-14 20:51:42 INFO  HttpUtils:183 - ======================================================
2020-08-14 20:51:42 INFO  BaseCase:114 - 接口响应断言结果：false
]]></system-out>
  </testcase>
  <testcase name="test" classname="com.lemon.cases.RegisterCase" time="1.032"/>
  <testcase name="test" classname="com.lemon.cases.RegisterCase" time="0.575">
    <failure message="expected [PASSED] but found [FAILED]" type="java.lang.AssertionError">java.lang.AssertionError: expected [PASSED] but found [FAILED]
	at com.lemon.cases.RegisterCase.test(RegisterCase.java:41)
</failure>
    <system-out><![CDATA[2020-08-14 20:51:43 INFO  BaseCase:161 - CaseInfo{id=6, name='register', method='post', url='http://api.lemonban.com/futureloan/member/register', params='{"mobile_phone":"17817620985","pwd":"12345678"}', contentType='json', expectedResult='{"$.code":0,"$.msg":"OK"}', sql='select count(*) from member a where a.mobile_phone = '17817620985';'}
2020-08-14 20:51:44 INFO  HttpUtils:175 - 200
2020-08-14 20:51:44 INFO  HttpUtils:178 - [Server: nginx/1.4.2, Date: Fri, 14 Aug 2020 12:51:45 GMT, Content-Type: application/json;charset=UTF-8, Transfer-Encoding: chunked, Connection: keep-alive]
2020-08-14 20:51:44 INFO  HttpUtils:182 - {"code":2,"msg":"账号已存在","data":null,"copyright":"Copyright 柠檬班 © 2017-2020 湖南省零檬信息技术有限公司 All Rights Reserved"}
2020-08-14 20:51:44 INFO  HttpUtils:183 - ======================================================
2020-08-14 20:51:44 INFO  BaseCase:114 - 接口响应断言结果：false
beforeSQLResult:1
afterSQLResult:1
数据库断言失败
]]></system-out>
  </testcase>
  <testcase name="test" classname="com.lemon.cases.LoginCase" time="0.143"/>
  <testcase name="test" classname="com.lemon.cases.LoginCase" time="0.141">
    <failure message="expected [PASSED] but found [FAILED]" type="java.lang.AssertionError">java.lang.AssertionError: expected [PASSED] but found [FAILED]
	at com.lemon.cases.LoginCase.test(LoginCase.java:36)
</failure>
    <system-out><![CDATA[2020-08-14 20:51:44 INFO  BaseCase:161 - CaseInfo{id=2, name='login', method='post', url='http://api.lemonban.com/futureloan/member/login', params='{"mobile_phone":"","pwd":"123456"}', contentType='json', expectedResult='{"$.code":0,"$.msg":"OK"}', sql='null'}
2020-08-14 20:51:44 INFO  HttpUtils:175 - 200
2020-08-14 20:51:44 INFO  HttpUtils:178 - [Server: nginx/1.4.2, Date: Fri, 14 Aug 2020 12:51:45 GMT, Content-Type: application/json;charset=UTF-8, Transfer-Encoding: chunked, Connection: keep-alive]
2020-08-14 20:51:44 INFO  HttpUtils:182 - {"code":1,"msg":"手机号码为空","data":null,"copyright":"Copyright 柠檬班 © 2017-2020 湖南省零檬信息技术有限公司 All Rights Reserved"}
2020-08-14 20:51:44 INFO  HttpUtils:183 - ======================================================
userDataKey:${token}
userDataValue:null
userDataKey:${member_id}
userDataValue:null
2020-08-14 20:51:44 INFO  BaseCase:114 - 接口响应断言结果：false
]]></system-out>
  </testcase>
  <testcase name="test" classname="com.lemon.cases.LoginCase" time="0.15">
    <failure message="expected [PASSED] but found [FAILED]" type="java.lang.AssertionError">java.lang.AssertionError: expected [PASSED] but found [FAILED]
	at com.lemon.cases.LoginCase.test(LoginCase.java:36)
</failure>
    <system-out><![CDATA[2020-08-14 20:51:44 INFO  BaseCase:161 - CaseInfo{id=3, name='login', method='post', url='http://api.lemonban.com/futureloan/member/login', params='{"mobile_phone":"123","pwd":"123456123"}', contentType='json', expectedResult='{"$.code":0,"$.msg":"OK"}', sql='null'}
2020-08-14 20:51:44 INFO  HttpUtils:175 - 200
2020-08-14 20:51:44 INFO  HttpUtils:178 - [Server: nginx/1.4.2, Date: Fri, 14 Aug 2020 12:51:46 GMT, Content-Type: application/json;charset=UTF-8, Transfer-Encoding: chunked, Connection: keep-alive]
2020-08-14 20:51:44 INFO  HttpUtils:182 - {"code":2,"msg":"无效的手机格式","data":null,"copyright":"Copyright 柠檬班 © 2017-2020 湖南省零檬信息技术有限公司 All Rights Reserved"}
2020-08-14 20:51:44 INFO  HttpUtils:183 - ======================================================
userDataKey:${token}
userDataValue:null
userDataKey:${member_id}
userDataValue:null
2020-08-14 20:51:44 INFO  BaseCase:114 - 接口响应断言结果：false
]]></system-out>
  </testcase>
  <testcase name="test" classname="com.lemon.cases.LoginCase" time="0.133">
    <failure message="expected [PASSED] but found [FAILED]" type="java.lang.AssertionError">java.lang.AssertionError: expected [PASSED] but found [FAILED]
	at com.lemon.cases.LoginCase.test(LoginCase.java:36)
</failure>
    <system-out><![CDATA[2020-08-14 20:51:44 INFO  BaseCase:161 - CaseInfo{id=4, name='login', method='post', url='http://api.lemonban.com/futureloan/member/login', params='{"mobile_phone":"19000000000","pwd":"12345"}', contentType='json', expectedResult='{"$.code":0,"$.msg":"OK"}', sql='null'}
2020-08-14 20:51:45 INFO  HttpUtils:175 - 200
2020-08-14 20:51:45 INFO  HttpUtils:178 - [Server: nginx/1.4.2, Date: Fri, 14 Aug 2020 12:51:46 GMT, Content-Type: application/json;charset=UTF-8, Transfer-Encoding: chunked, Connection: keep-alive]
2020-08-14 20:51:45 INFO  HttpUtils:182 - {"code":2,"msg":"无效的手机格式","data":null,"copyright":"Copyright 柠檬班 © 2017-2020 湖南省零檬信息技术有限公司 All Rights Reserved"}
2020-08-14 20:51:45 INFO  HttpUtils:183 - ======================================================
userDataKey:${token}
userDataValue:null
userDataKey:${member_id}
userDataValue:null
2020-08-14 20:51:45 INFO  BaseCase:114 - 接口响应断言结果：false
]]></system-out>
  </testcase>
  <testcase name="test" classname="com.lemon.cases.LoginCase" time="0.202">
    <failure message="expected [PASSED] but found [FAILED]" type="java.lang.AssertionError">java.lang.AssertionError: expected [PASSED] but found [FAILED]
	at com.lemon.cases.LoginCase.test(LoginCase.java:36)
</failure>
    <system-out><![CDATA[2020-08-14 20:51:45 INFO  BaseCase:161 - CaseInfo{id=5, name='login', method='post', url='http://api.lemonban.com/futureloan/member/login', params='{"mobile_phone":"13212332111","pwd":"12346567118"}', contentType='json', expectedResult='{"$.code":0,"$.msg":"OK"}', sql='null'}
2020-08-14 20:51:45 INFO  HttpUtils:175 - 200
2020-08-14 20:51:45 INFO  HttpUtils:178 - [Server: nginx/1.4.2, Date: Fri, 14 Aug 2020 12:51:46 GMT, Content-Type: application/json;charset=UTF-8, Transfer-Encoding: chunked, Connection: keep-alive]
2020-08-14 20:51:45 INFO  HttpUtils:182 - {"code":1001,"msg":"账号信息错误","data":null,"copyright":"Copyright 柠檬班 © 2017-2020 湖南省零檬信息技术有限公司 All Rights Reserved"}
2020-08-14 20:51:45 INFO  HttpUtils:183 - ======================================================
userDataKey:${token}
userDataValue:null
userDataKey:${member_id}
userDataValue:null
2020-08-14 20:51:45 INFO  BaseCase:114 - 接口响应断言结果：false
]]></system-out>
  </testcase>
  <testcase name="test" classname="com.lemon.cases.LoginCase" time="0.196"/>
  <testcase name="test" classname="com.lemon.cases.LoginCase" time="0.198"/>
  <testcase name="test" classname="com.lemon.cases.UserInfoCase" time="0.154"/>
  <testcase name="test" classname="com.lemon.cases.UserInfoCase" time="0.284"/>
  <testcase name="test" classname="com.lemon.cases.RechargeCase" time="0.213">
    <failure message="expected [PASSED] but found [FAILED]" type="java.lang.AssertionError">java.lang.AssertionError: expected [PASSED] but found [FAILED]
	at com.lemon.cases.RechargeCase.test(RechargeCase.java:50)
</failure>
    <system-out><![CDATA[2020-08-14 20:51:45 INFO  BaseCase:161 - CaseInfo{id=1, name='recharge', method='post', url='http://api.lemonban.com/futureloan/member/recharge', params='{"member_id":"-1","amount":"6300"}', contentType='json', expectedResult='{"$.code":0,"$.msg":"OK"}', sql='null'}
2020-08-14 20:51:46 INFO  HttpUtils:175 - 200
2020-08-14 20:51:46 INFO  HttpUtils:178 - [Server: nginx/1.4.2, Date: Fri, 14 Aug 2020 12:51:47 GMT, Content-Type: application/json;charset=UTF-8, Transfer-Encoding: chunked, Connection: keep-alive]
2020-08-14 20:51:46 INFO  HttpUtils:182 - {"code":1007,"msg":"无权限访问，请检查参数","data":null,"copyright":"Copyright 柠檬班 © 2017-2020 湖南省零檬信息技术有限公司 All Rights Reserved"}
2020-08-14 20:51:46 INFO  HttpUtils:183 - ======================================================
2020-08-14 20:51:46 INFO  BaseCase:114 - 接口响应断言结果：false
]]></system-out>
  </testcase>
  <testcase name="test" classname="com.lemon.cases.RechargeCase" time="0.14">
    <failure message="expected [PASSED] but found [FAILED]" type="java.lang.AssertionError">java.lang.AssertionError: expected [PASSED] but found [FAILED]
	at com.lemon.cases.RechargeCase.test(RechargeCase.java:50)
</failure>
    <system-out><![CDATA[2020-08-14 20:51:46 INFO  BaseCase:161 - CaseInfo{id=2, name='recharge', method='post', url='http://api.lemonban.com/futureloan/member/recharge', params='{"member_id":"2077205","amount":"1116300"}', contentType='json', expectedResult='{"$.code":0,"$.msg":"OK"}', sql='null'}
2020-08-14 20:51:46 INFO  HttpUtils:175 - 200
2020-08-14 20:51:46 INFO  HttpUtils:178 - [Server: nginx/1.4.2, Date: Fri, 14 Aug 2020 12:51:47 GMT, Content-Type: application/json;charset=UTF-8, Transfer-Encoding: chunked, Connection: keep-alive]
2020-08-14 20:51:46 INFO  HttpUtils:182 - {"code":2,"msg":"余额必须大于0并且小于或者等于500000","data":null,"copyright":"Copyright 柠檬班 © 2017-2020 湖南省零檬信息技术有限公司 All Rights Reserved"}
2020-08-14 20:51:46 INFO  HttpUtils:183 - ======================================================
2020-08-14 20:51:46 INFO  BaseCase:114 - 接口响应断言结果：false
]]></system-out>
  </testcase>
  <testcase name="test" classname="com.lemon.cases.RechargeCase" time="0.146">
    <failure message="expected [PASSED] but found [FAILED]" type="java.lang.AssertionError">java.lang.AssertionError: expected [PASSED] but found [FAILED]
	at com.lemon.cases.RechargeCase.test(RechargeCase.java:50)
</failure>
    <system-out><![CDATA[2020-08-14 20:51:46 INFO  BaseCase:161 - CaseInfo{id=3, name='recharge', method='post', url='http://api.lemonban.com/futureloan/member/recharge', params='{"member_id":"2077205","amount":"-6300"}', contentType='json', expectedResult='{"$.code":0,"$.msg":"OK"}', sql='null'}
2020-08-14 20:51:46 INFO  HttpUtils:175 - 200
2020-08-14 20:51:46 INFO  HttpUtils:178 - [Server: nginx/1.4.2, Date: Fri, 14 Aug 2020 12:51:47 GMT, Content-Type: application/json;charset=UTF-8, Transfer-Encoding: chunked, Connection: keep-alive]
2020-08-14 20:51:46 INFO  HttpUtils:182 - {"code":2,"msg":"余额必须大于0并且小于或者等于500000","data":null,"copyright":"Copyright 柠檬班 © 2017-2020 湖南省零檬信息技术有限公司 All Rights Reserved"}
2020-08-14 20:51:46 INFO  HttpUtils:183 - ======================================================
2020-08-14 20:51:46 INFO  BaseCase:114 - 接口响应断言结果：false
]]></system-out>
  </testcase>
  <testcase name="test" classname="com.lemon.cases.RechargeCase" time="0.133">
    <failure message="expected [PASSED] but found [FAILED]" type="java.lang.AssertionError">java.lang.AssertionError: expected [PASSED] but found [FAILED]
	at com.lemon.cases.RechargeCase.test(RechargeCase.java:50)
</failure>
    <system-out><![CDATA[2020-08-14 20:51:46 INFO  BaseCase:161 - CaseInfo{id=4, name='recharge', method='post', url='http://api.lemonban.com/futureloan/member/recharge', params='{"member_id":"2077205","amount":"SSS"}', contentType='json', expectedResult='{"$.code":0,"$.msg":"OK"}', sql='null'}
2020-08-14 20:51:46 INFO  HttpUtils:175 - 200
2020-08-14 20:51:46 INFO  HttpUtils:178 - [Server: nginx/1.4.2, Date: Fri, 14 Aug 2020 12:51:47 GMT, Content-Type: application/json;charset=UTF-8, Transfer-Encoding: chunked, Connection: keep-alive]
2020-08-14 20:51:46 INFO  HttpUtils:182 - {"code":2,"msg":"余额必须为数值型","data":null,"copyright":"Copyright 柠檬班 © 2017-2020 湖南省零檬信息技术有限公司 All Rights Reserved"}
2020-08-14 20:51:46 INFO  HttpUtils:183 - ======================================================
2020-08-14 20:51:46 INFO  BaseCase:114 - 接口响应断言结果：false
]]></system-out>
  </testcase>
  <testcase name="test" classname="com.lemon.cases.RechargeCase" time="0.842">
    <failure message="expected [PASSED] but found [FAILED]" type="java.lang.AssertionError">java.lang.AssertionError: expected [PASSED] but found [FAILED]
	at com.lemon.cases.RechargeCase.test(RechargeCase.java:50)
</failure>
    <system-out><![CDATA[2020-08-14 20:51:46 INFO  BaseCase:161 - CaseInfo{id=5, name='recharge', method='post', url='http://api.lemonban.com/futureloan/member/recharge', params='{"member_id":"2077205","amount":"1.11"}', contentType='json', expectedResult='{"$.code":0,"$.msg":"OK","$.data.id":2069116}', sql='select leave_amount from member a where id = 2077205;'}
2020-08-14 20:51:47 INFO  HttpUtils:175 - 200
2020-08-14 20:51:47 INFO  HttpUtils:178 - [Server: nginx/1.4.2, Date: Fri, 14 Aug 2020 12:51:48 GMT, Content-Type: application/json;charset=UTF-8, Transfer-Encoding: chunked, Connection: keep-alive]
2020-08-14 20:51:47 INFO  HttpUtils:182 - {"code":0,"msg":"OK","data":{"id":2077205,"leave_amount":1.11,"mobile_phone":"17817620985","reg_name":"小柠檬","reg_time":"2020-08-14 20:51:44.0","type":1},"copyright":"Copyright 柠檬班 © 2017-2020 湖南省零檬信息技术有限公司 All Rights Reserved"}
2020-08-14 20:51:47 INFO  HttpUtils:183 - ======================================================
2020-08-14 20:51:47 INFO  BaseCase:114 - 接口响应断言结果：false
beforeSQLResult:0.00
afterSQLResult:1.11
subtractResult:1.11
amount:1.11
数据库断言成功
]]></system-out>
  </testcase>
  <testcase name="test" classname="com.lemon.cases.RechargeCase" time="0.615"/>
  <testcase name="test" classname="com.lemon.cases.AddCase" time="0.147"/>
  <testcase name="test" classname="com.lemon.cases.AuditCase" time="0.065"/>
  <testcase name="test" classname="com.lemon.cases.InvestCase" time="0.182"/>
</testsuite>